<?xml version="1.0" encoding="UTF-8"?>
<testsuite name="org.richrocksmy.makecodilitygreatagain.TaskOneTest" tests="1" skipped="0" failures="0" errors="0" timestamp="2025-03-20T10:58:24.953Z" hostname="Mac.localdomain" time="0.022">
  <properties/>
  <testcase name="shouldBeTrue()" classname="org.richrocksmy.makecodilitygreatagain.TaskOneTest" time="0.022"/>
  <system-out><![CDATA[]]></system-out>
  <system-err><![CDATA[]]></system-err>
</testsuite>
