<?xml version="1.0" encoding="UTF-8"?>
<testsuite name="org.richrocksmy.makecodilitygreatagain.TaskTwoTest" tests="1" skipped="0" failures="0" errors="0" timestamp="2025-03-20T10:58:24.977Z" hostname="Mac.localdomain" time="0.001">
  <properties/>
  <testcase name="shouldBeTrue()" classname="org.richrocksmy.makecodilitygreatagain.TaskTwoTest" time="0.001"/>
  <system-out><![CDATA[]]></system-out>
  <system-err><![CDATA[]]></system-err>
</testsuite>
